454 - INFO: User will play as X (2024-12-10 18:25:12,826)
472 - DEBUG: Game started (2024-12-10 18:25:12,826)
341 - INFO: Human chose field 1 (2024-12-10 18:25:13,953)
360 - INFO: Player X moved to field 1 (2024-12-10 18:25:13,954)
362 - INFO: Next move: O (2024-12-10 18:25:13,954)
432 - INFO: Best available move selected: 5 (2024-12-10 18:25:13,955)
382 - INFO: Computer selected the best available move: field 5 (2024-12-10 18:25:13,955)
406 - INFO: Computer moved to field 5 (2024-12-10 18:25:13,955)
408 - INFO: Next move: X (2024-12-10 18:25:13,955)
341 - INFO: Human chose field 2 (2024-12-10 18:25:19,025)
360 - INFO: Player X moved to field 2 (2024-12-10 18:25:19,025)
362 - INFO: Next move: O (2024-12-10 18:25:19,025)
394 - INFO: Dangerous move detected: field 3 (2024-12-10 18:25:19,025)
376 - INFO: Computer detected a dangerous situation and will move to field 3 (2024-12-10 18:25:19,025)
406 - INFO: Computer moved to field 3 (2024-12-10 18:25:19,025)
408 - INFO: Next move: X (2024-12-10 18:25:19,025)
341 - INFO: Human chose field 4 (2024-12-10 18:25:22,302)
360 - INFO: Player X moved to field 4 (2024-12-10 18:25:22,302)
362 - INFO: Next move: O (2024-12-10 18:25:22,303)
394 - INFO: Dangerous move detected: field 7 (2024-12-10 18:25:22,303)
376 - INFO: Computer detected a dangerous situation and will move to field 7 (2024-12-10 18:25:22,303)
171 - INFO: Player O won. (2024-12-10 18:25:22,303)
